<?xml version="1.0"?>
<TestDoc>
  <binary_007f80ff>AH+A/w==</binary_007f80ff>
</TestDoc>
