<?xml version="1.0"?>
<TestDoc>
  <binary_007f80ff>[BINARYDATA]</binary_007f80ff>
</TestDoc>
