<?xml version="1.0"?>
<TestDoc>
  <int8_min>-128</int8_min>
  <int8_max>127</int8_max>
  <int16_min>-32768</int16_min>
  <int16_max>32767</int16_max>
  <int32_min>-2147483648</int32_min>
  <int32_max>2147483647</int32_max>
  <int64_min>-9223372036854775808</int64_min>
  <int64_max>9223372036854775807</int64_max>
  <uint8_max>255</uint8_max>
  <uint16_max>65535</uint16_max>
  <uint32_max>4294967295</uint32_max>
  <uint64_max>18446744073709551615</uint64_max>
</TestDoc>
